[debug] [2026-01-20T18:39:31.755Z] ----------------------------------------------------------------------
[debug] [2026-01-20T18:39:31.756Z] Command:       /Users/nolanpestano/.nvm/versions/node/v21.0.0/bin/node /Users/nolanpestano/.nvm/versions/node/v21.0.0/bin/firebase deploy
[debug] [2026-01-20T18:39:31.757Z] CLI Version:   14.15.1
[debug] [2026-01-20T18:39:31.757Z] Platform:      darwin
[debug] [2026-01-20T18:39:31.757Z] Node Version:  v21.0.0
[debug] [2026-01-20T18:39:31.757Z] Time:          Tue Jan 20 2026 12:39:31 GMT-0600 (Central Standard Time)
[debug] [2026-01-20T18:39:31.757Z] ----------------------------------------------------------------------
[debug] 
[debug] [2026-01-20T18:39:31.861Z] > command requires scopes: ["email","openid","https://www.googleapis.com/auth/cloudplatformprojects.readonly","https://www.googleapis.com/auth/firebase","https://www.googleapis.com/auth/cloud-platform"]
[debug] [2026-01-20T18:39:31.861Z] > authorizing via signed-in user (pestanonolan@gmail.com)
[debug] [2026-01-20T18:39:31.861Z] [iam] checking project nolan-resume for permissions ["firebase.projects.get","firebasehosting.sites.update"]
[debug] [2026-01-20T18:39:31.862Z] Checked if tokens are valid: true, expires at: 1768937556814
[debug] [2026-01-20T18:39:31.862Z] Checked if tokens are valid: true, expires at: 1768937556814
[debug] [2026-01-20T18:39:31.862Z] >>> [apiv2][query] POST https://cloudresourcemanager.googleapis.com/v1/projects/nolan-resume:testIamPermissions [none]
[debug] [2026-01-20T18:39:31.862Z] >>> [apiv2][(partial)header] POST https://cloudresourcemanager.googleapis.com/v1/projects/nolan-resume:testIamPermissions x-goog-quota-user=projects/nolan-resume
[debug] [2026-01-20T18:39:31.862Z] >>> [apiv2][body] POST https://cloudresourcemanager.googleapis.com/v1/projects/nolan-resume:testIamPermissions {"permissions":["firebase.projects.get","firebasehosting.sites.update"]}
[debug] [2026-01-20T18:39:32.185Z] <<< [apiv2][status] POST https://cloudresourcemanager.googleapis.com/v1/projects/nolan-resume:testIamPermissions 200
[debug] [2026-01-20T18:39:32.185Z] <<< [apiv2][body] POST https://cloudresourcemanager.googleapis.com/v1/projects/nolan-resume:testIamPermissions {"permissions":["firebase.projects.get","firebasehosting.sites.update"]}
[debug] [2026-01-20T18:39:32.186Z] Checked if tokens are valid: true, expires at: 1768937556814
[debug] [2026-01-20T18:39:32.186Z] Checked if tokens are valid: true, expires at: 1768937556814
[debug] [2026-01-20T18:39:32.186Z] >>> [apiv2][query] GET https://firebase.googleapis.com/v1beta1/projects/nolan-resume [none]
[debug] [2026-01-20T18:39:32.605Z] <<< [apiv2][status] GET https://firebase.googleapis.com/v1beta1/projects/nolan-resume 200
[debug] [2026-01-20T18:39:32.605Z] <<< [apiv2][body] GET https://firebase.googleapis.com/v1beta1/projects/nolan-resume {"projectId":"nolan-resume","projectNumber":"443803449410","displayName":"nolan-resume","name":"projects/nolan-resume","resources":{"hostingSite":"nolan-resume"},"state":"ACTIVE","etag":"1_d18202a5-4906-49ba-86fc-35b5f2263b07"}
[info] 
[info] === Deploying to 'nolan-resume'...
[info] 
[info] i  deploying hosting 
[debug] [2026-01-20T18:39:32.608Z] Checked if tokens are valid: true, expires at: 1768937556814
[debug] [2026-01-20T18:39:32.608Z] Checked if tokens are valid: true, expires at: 1768937556814
[debug] [2026-01-20T18:39:32.608Z] >>> [apiv2][query] POST https://firebasehosting.googleapis.com/v1beta1/projects/-/sites/nolan-resume/versions [none]
[debug] [2026-01-20T18:39:32.608Z] >>> [apiv2][body] POST https://firebasehosting.googleapis.com/v1beta1/projects/-/sites/nolan-resume/versions {"status":"CREATED","labels":{"deployment-tool":"cli-firebase"}}
[debug] [2026-01-20T18:39:33.422Z] <<< [apiv2][status] POST https://firebasehosting.googleapis.com/v1beta1/projects/-/sites/nolan-resume/versions 200
[debug] [2026-01-20T18:39:33.422Z] <<< [apiv2][body] POST https://firebasehosting.googleapis.com/v1beta1/projects/-/sites/nolan-resume/versions {"name":"projects/443803449410/sites/nolan-resume/versions/9ba1385e241da931","status":"CREATED","config":{},"labels":{"deployment-tool":"cli-firebase"}}
[info] i  hosting[nolan-resume]: beginning deploy... 
[info] i  hosting[nolan-resume]: found 134 files in public 
[debug] [2026-01-20T18:39:33.452Z] [hosting] uploading with 200 concurrency
[debug] [2026-01-20T18:39:33.476Z] Checked if tokens are valid: true, expires at: 1768937556814
[debug] [2026-01-20T18:39:33.476Z] Checked if tokens are valid: true, expires at: 1768937556814
[debug] [2026-01-20T18:39:33.477Z] [hosting] hash cache [cHVibGlj] stored for 134 files
[debug] [2026-01-20T18:39:33.477Z] [hosting][hash queue][FINAL] {"max":19,"min":0,"avg":3.242724138621912,"active":0,"complete":134,"success":134,"errored":0,"retried":0,"total":134,"elapsed":23}
[debug] [2026-01-20T18:39:33.477Z] >>> [apiv2][query] POST https://firebasehosting.googleapis.com/v1beta1/projects/443803449410/sites/nolan-resume/versions/9ba1385e241da931:populateFiles [none]
[debug] [2026-01-20T18:39:33.477Z] >>> [apiv2][body] POST https://firebasehosting.googleapis.com/v1beta1/projects/443803449410/sites/nolan-resume/versions/9ba1385e241da931:populateFiles {"files":{"/webpack-runtime-f6965b5ce55a5f4f2efe.js.map":"9acc55b043d9fb730f0a45bc3a7ebd40e8b2b602c0852f540706e542044875ee","/webpack-runtime-f6965b5ce55a5f4f2efe.js":"7957953a957c873f8c8d0f839dfaaf0404497d7e84aa005b2e8c3f3647ec9263","/webpack-runtime-f290a2903d9e8a49547b.js.map":"86fafcd9fe82827cb0b4e29188871730b16a0c40b1e6ca3231c0888b5d2fb2f5","/webpack-runtime-f290a2903d9e8a49547b.js":"e2e9d9704d2ec685205f7142ce5ad1f984cd7699749b132d51a270b6e58d95b4","/webpack-runtime-d94b7ee3f87cf5f60c6c.js.map":"f1180a170456bdb7fea42bc52f13b2b07298b03fc4dd0103fbc1112a0a66539f","/webpack-runtime-d94b7ee3f87cf5f60c6c.js":"1e1d603b9566e9418466fae2b08541dafcbd83bee6ceb03c6085d70d0c159048","/webpack-runtime-c944b0d00994e56351b4.js.map":"3d625e2c4e63d5a32285c0c4feab2356fffd29b67b277d5e964559f7e506852e","/webpack-runtime-c944b0d00994e56351b4.js":"3290273e29c365448efa0588a9e5505c4e7a82f48c76adfe759cccb52131c701","/webpack-runtime-b5342301c0a4d252ebda.js.map":"010d333f20e35c0e7c1b329eaa9924b1f542fd634c710c9fd5b4e690f2815780","/webpack-runtime-b5342301c0a4d252ebda.js":"4b117241b24f1ade2e0347621ecdf2b06b563e5878e51c7f4f1f19c43390b495","/webpack-runtime-8a2ebd2a9c9894384561.js.map":"b3d945d1693927f59481497daa536b579c186c1b3b86c8c0c2e7eb1b1e41bbcb","/webpack-runtime-8a2ebd2a9c9894384561.js":"6a3ee68569b5c42696656a1746057e3fd1455e145181f3f9bc49b090263183af","/webpack-runtime-64ba808d1d0442c8d1ff.js.map":"c7223daf9618f6531b897f4ca89c34d130ebc2e9b774ab55f5e271ff59f25bf6","/webpack-runtime-64ba808d1d0442c8d1ff.js":"a926fed16b09cd768f4899d3f6823d3e89b6132c1c00e07e7084ec3e02f69d75","/webpack-runtime-2b2944ea3a6aed37a134.js.map":"c30d098e9ffafbbf77fc0dbf17c6376c3588d2febaa76ff52c4c3a6af14511cc","/webpack-runtime-2b2944ea3a6aed37a134.js":"5d4b32f2813ad4b258ce9208e837469abeee80d9b7bf9453147a562dc31b9174","/styles.7576a63e7b101dff78f2.css":"1b27849e2d1eb3cb97549b6a95df59ee96806b90adca896a64034c26c90e1ac3","/framework-901e342eeae1ec50579a.js.map":"dd81598cef09ff2c7040cb3f731f9f01192a1ea3ddbdbc4d92d5ecf2fede40e6","/framework-901e342eeae1ec50579a.js.LICENSE.txt":"546e60d66772e22fefb7530b1b57707a484d08f22a45b528e896dd08c7455afb","/framework-901e342eeae1ec50579a.js":"1db810a6c3f87ee4a14fd2aa8dc2d3723192e79fad7aefeba8741d45152ea031","/component---src-pages-index-js-63b07234d5ba9133d037.js.map":"95305461782ba65f98a44fb1d4a2106ff382537c5131a11efe8874867abcea6b","/component---src-pages-index-js-63b07234d5ba9133d037.js":"aa68c8366b1a02ea6e1fd986946ee999e9b925c15469d1d8a040597677290fac","/component---src-pages-index-js-4e7e942131854d8d94f3.js.map":"0d4b192b35f6f55fbc43b5cb69b117dc7b06cb6872c6bcdaedaed0bbffae30ac","/component---src-pages-index-js-4e7e942131854d8d94f3.js":"47f1334f9a9e48d5d6173bf5cd21eaad3ed0952e45e751aca3b8a0c929ce7a2c","/component---src-pages-index-js-2d1b4dbf3bc49e81fa8d.js.map":"3b6dfe37e5f93ac34cf997ba10616a336e42191ce599a30a0045e22bb26fe5bb","/component---src-pages-index-js-2d1b4dbf3bc49e81fa8d.js":"85a46925258e3030d19955559a8199e7680c441195f7211565daaa52664e8ddc","/component---src-pages-blog-mdx-frontmatter-slug-js-content-file-path-src-pages-blog-ugafinance-index-mdx-d3da45f441d0839ad7a7.js.map":"8c32f726ef702ccc6f2bec5e681e8ee84ad30db7e1a7e6e68c87d73beda6098b","/component---src-pages-blog-mdx-frontmatter-slug-js-content-file-path-src-pages-blog-ugafinance-index-mdx-d3da45f441d0839ad7a7.js":"cb9f35070ba727c4d03dca8a7180c315fdeca05108cc615ab9e39d341b20f74d","/component---src-pages-blog-mdx-frontmatter-slug-js-content-file-path-src-pages-blog-redux-society-index-mdx-2815c2b414385358e2e8.js.map":"52327c98eca9d07c7717e6dfb412171fc3e7edd206212395472280940813891e","/component---src-pages-blog-mdx-frontmatter-slug-js-content-file-path-src-pages-blog-redux-society-index-mdx-2815c2b414385358e2e8.js":"1778c447a765bf9fb4e54ee5055aadb418cb4386f7eaca55520f29534e5b6e29","/component---src-pages-blog-mdx-frontmatter-slug-js-content-file-path-src-pages-blog-emerson-index-mdx-1ae3da3216028b2792f3.js.map":"124e12ed995ea43a8b4a976d6c4736651a00109ec2d7af02b7c8e305d9b6aa3e","/component---src-pages-blog-mdx-frontmatter-slug-js-content-file-path-src-pages-blog-emerson-index-mdx-1ae3da3216028b2792f3.js":"349e49545778ac71e9bc6c519c8ae258849349b8d8331d3b013c2048dbaa4e9a","/component---src-pages-blog-index-js-a7731d1e92e3ffe7640b.js.map":"14104d10bc1967f647e2623592ec97ed0b0090bb5fb4a534ed020da275b0e064","/component---src-pages-blog-index-js-a7731d1e92e3ffe7640b.js":"dbee8e978a638951b88f298992aaebb33ff886c2ca694aa2a604f71abf6f3ab7","/component---src-pages-blog-index-js-74a809bf04f8f9abb10e.js.map":"2ba507452813f5015c775a2e9c5e64488fcc077ace06131f2c47373e7d9c82c5","/component---src-pages-blog-index-js-74a809bf04f8f9abb10e.js":"02d06bc28b8f119dd02a6a455be667bef2dd6f391dcf338be333e9d1e3f6183d","/component---src-pages-blog-index-js-65ed078ea23b0e8c463d.js.map":"bd1fed009044b53860355e8312b417b0ecf9fe0e4e85890c247709dc5b5c1c2b","/component---src-pages-blog-index-js-65ed078ea23b0e8c463d.js":"2d449e87411d9139cb03eb1a3a9b07763819494b5edaf15f300f734470c7ebfe","/component---src-pages-blog-index-js-12bc978d173baee33905.js.map":"799b15511a579a0348c5bf5d3a9bfda92e53cc6c0186e181643acd5c388c23d8","/component---src-pages-blog-index-js-12bc978d173baee33905.js":"63fd7ae16ca1e7b68d275cc894bbb0643f3b9b57b79b197092451cf20c319097","/component---src-pages-awards-js-fc14ed89b699d212104a.js.map":"582d2a90b53df88a0fa6c15a78dea6978c1656e3b3db5fbd973fc0dc0d1691de","/component---src-pages-awards-js-fc14ed89b699d212104a.js":"86a8bf27e4c00f053a5a310e32eb20cbdfedb533854f6b5b57c5ca77aa2de441","/component---src-pages-awards-js-f907b2e334665b39365d.js.map":"76903f3ef0a3195ac3c0c1c9d245142d01fe8da26e64e496ab49adbc5a234ae5","/component---src-pages-awards-js-f907b2e334665b39365d.js":"7300961715dd6e388ee7d2f11047f5d4355a0a60c028f470a30977caff6bd907","/component---src-pages-awards-js-d81ff33a19c894b400cc.js.map":"6369a4a43c0399302628d065edde7f17b481316479064d98344cc3f7c94360d8","/component---src-pages-awards-js-d81ff33a19c894b400cc.js":"543cff9bf0349708b0e2689afaddd1b5425f911a66a59e0d4ddecf03ab499363","/component---src-pages-awards-js-9e462c2b036f8c33b0e6.js.map":"562687d1c2baeec6d2d4105098af25af86583910f1fd3db2f8fb6d556f62de92","/component---src-pages-awards-js-9e462c2b036f8c33b0e6.js":"4586bed7e25dac2993c395d17c2417dcd7df0a8de90b1c160a53ec186e271bca","/component---src-pages-awards-js-6749b8df6db39201b74b.js.map":"bd6bb18c33db5e89efab3ea7a499b59b8838bda1a4bda003fd146cefc2eaa454","/component---src-pages-awards-js-6749b8df6db39201b74b.js":"2d19322019e6ce1e1794af439d0db2e34f024a635507e22b5666c19eec08a553","/component---src-pages-awards-js-532281fab381f93f8177.js.map":"786978712bc9d1c55db9a57254d7552150dc172a112845e59893d49c1b4e23a8","/component---src-pages-awards-js-532281fab381f93f8177.js":"851b7d3fd026567254b66bdc175461d69818cc9e3a277c62c3cd5027ee6e067d","/component---src-pages-404-js-eb7ac95ee12a7b6e90f2.js.map":"5e2b963b2537bb4ca8a49039c65f86c77dbcc46bc3754d0354926a971562dea2","/component---src-pages-404-js-eb7ac95ee12a7b6e90f2.js":"fb9791d58776be97bd5bbbd0dee2ffd74d664565e77908db70478cc314d31a59","/app-bb8f7bf4215ba0bfeeec.js.map":"b79139a533cca0f37dab8543e35e4767afb3abe8c7643242a47b984a3b935e01","/app-bb8f7bf4215ba0bfeeec.js.LICENSE.txt":"3849bf346da6108ee028e1ac0056482f8ff0ed60053f63256e8878d798111556","/app-bb8f7bf4215ba0bfeeec.js":"a29eaaa604fe7d1bbb78238ddc79e5ca11e9fe7be6d92bf93c1cbd0d9f9c97d8","/a5ae5427cddaadd391a4a4b8c27a4568cc4c36a6-7e2521c54379d2abe9ae.js.map":"a3841a4b775f6a5e01a48d0734088c5fa0b9dd0bcf3c42e5e1a209fa812864d2","/a5ae5427cddaadd391a4a4b8c27a4568cc4c36a6-7e2521c54379d2abe9ae.js":"acd2701937d210ace21dc1f3b5d22faf37d5fbc672d418cb94dc98dc577d369c","/a5ae5427cddaadd391a4a4b8c27a4568cc4c36a6-73e730bab51eab358556.js.map":"faaf619e865f8fe31bc6f5cd943fbba3b2235ebf1611cf381e64cb361023d13e","/a5ae5427cddaadd391a4a4b8c27a4568cc4c36a6-73e730bab51eab358556.js":"6e9f598a92dbc68ffa0d79d02abef4073b84c01a468bc8dfe3eaf4aff91a82b2","/a5ae5427cddaadd391a4a4b8c27a4568cc4c36a6-25f96843dc7e9ac06b35.js.map":"0cdcaa6311f9eab851952a358a4f26caeb904fc0f32d5d99cbab36d13fb4d0e9","/a5ae5427cddaadd391a4a4b8c27a4568cc4c36a6-25f96843dc7e9ac06b35.js":"766c3d711cebf3b4db815eb22589de08254dc3f399ad68a13f56b07a97a85e88","/a5ae5427cddaadd391a4a4b8c27a4568cc4c36a6-1cadb2221facf093314c.js.map":"8ee5f5dbaded5744aeba6d67ef63bc9d517cdbc59bbc64c6cbaf6dddbe9c3681","/a5ae5427cddaadd391a4a4b8c27a4568cc4c36a6-1cadb2221facf093314c.js":"6f1f7f9494a3f57a46da307dfb8c64fc2af5e479e9032ef5635f7a2e66fcd3c0","/452-4e1ba8f4bc48bddf1d34.js.map":"ed14bd7ef0583b3c71b0be9f6bc361790f283602bfad6bf68f6c9df5c604855f","/452-4e1ba8f4bc48bddf1d34.js":"794f9ec16a9edbd4a0d538d2a7bbdabff3bcc264818419802cdb0d47f823ffa0","/108-0c7245c01629b0783243.js.map":"e00138d612ffa764f9cc094acc56937a31eb4920cb262659477cc080ded5dd5d","/108-0c7245c01629b0783243.js.LICENSE.txt":"4f2a687b5e23859eb476092f370e0e5492474d5d10459aa5b64ab9fcc2a800de","/108-0c7245c01629b0783243.js":"91c54a013f6e4ab104e3095a8bf4a64616ac6558fe4051313d1b64b83250e887","/static/c07602b4985e8fb1bcdd19f9ab6895eb/d68b8/birmingham-museums-trust-ZrPFrPLgC-o-unsplash.jpg":"debf255d0dc1fe7dee4dee13d79b84424757ead0385cbbe4dc5a9e8fe45d44c6","/static/c07602b4985e8fb1bcdd19f9ab6895eb/a3584/birmingham-museums-trust-ZrPFrPLgC-o-unsplash.webp":"9550d1cdcd6ca9adad7d7c4b7cb4bb41574d2a1c8d76140449cda82adf7630bb","/static/c07602b4985e8fb1bcdd19f9ab6895eb/5940a/birmingham-museums-trust-ZrPFrPLgC-o-unsplash.webp":"36ad5e4aa6e51e954af254d57f551e25ac8b7971c8d8d6fc9b54efedb542a9ea","/static/c07602b4985e8fb1bcdd19f9ab6895eb/4d189/birmingham-museums-trust-ZrPFrPLgC-o-unsplash.webp":"12754a0767ad4f2725b1ac897c3bfc8e1bb5522d85858d5df45698e0b2d78e89","/static/c07602b4985e8fb1bcdd19f9ab6895eb/34d67/birmingham-museums-trust-ZrPFrPLgC-o-unsplash.jpg":"2b034b8f59d3cce9346ad3c1c416a475960cfc46dea53d43514f66d55e786984","/static/c07602b4985e8fb1bcdd19f9ab6895eb/2c39d/birmingham-museums-trust-ZrPFrPLgC-o-unsplash.jpg":"846d238ba80ef89dc6ad39c277fa9940d300ceac691b28752eab78212598db0f","/static/80b3e7b663cbe5615310208cae2a3e98/9fe82/homer.jpg":"5c44304190ed7dd23c95a6074cd5d2dbaa0f4e5161f024cdb201bcb21cd388b3","/static/80b3e7b663cbe5615310208cae2a3e98/73638/homer.webp":"aabc43d9602a68cab92aba8e19eaac062b93216cf06a4b0c1bc8496c163ec278","/static/80b3e7b663cbe5615310208cae2a3e98/65f50/homer.jpg":"a8a545b80ebc09c5f5588f31569ef17e63961247bbd91394454c332375c6b4a8","/static/80b3e7b663cbe5615310208cae2a3e98/41eff/homer.webp":"b5cdf09094976d994da3e34a3543e643f0933aa92c6836e6e255e4496a10ce4e","/static/80b3e7b663cbe5615310208cae2a3e98/39fa0/homer.jpg":"0a1378ddbea9bc0ba04f59ba082bf5d64d9a0e7a6cb06a9e3d51dffdeebb5dab","/static/80b3e7b663cbe5615310208cae2a3e98/38a7b/homer.webp":"b3bcf53116e34aab462ad4d18c47912f01bf3edd163bace0f4f70c2a7e622397","/static/5d53f63e76ef18b590141ca2bb024cbf/dd159/officehopper.webp":"bb8cef595e401e3bca44c08522678dbf3dcab8254a2f2ca76945bf12eb9d9c06","/static/5d53f63e76ef18b590141ca2bb024cbf/cc256/officehopper.jpg":"96d2db9fcd148bd926fcc132a70d6a73f3aaa46be1360d2553f28367fe86ec58","/static/5d53f63e76ef18b590141ca2bb024cbf/c23ad/officehopper.webp":"8c2a323a1991b77908ae8ad07cd4f7d241dda96c5964a039055491cfc0b3b563","/static/5d53f63e76ef18b590141ca2bb024cbf/a1264/officehopper.jpg":"2ce9248251e58d6d48833be987a44caf69a5c9365345e6a03e57afc65a0c3357","/static/5d53f63e76ef18b590141ca2bb024cbf/851e4/officehopper.jpg":"7db082c874e18660e57fb5ae2882fe703aa15001509d4db46aa6fcbe73235c6a","/static/5d53f63e76ef18b590141ca2bb024cbf/4521f/officehopper.webp":"0677d6f656d6ef276ed2a4335dcba3cf84ed9419b92397a4db0430ed8db488c9","/static/5887cc712b6acda523d36d2f3eef205f/ad75c/birmingham-museums-trust-KfRUve5NtO8-unsplash.jpg":"89849ca5de63a34ea9de70fd008e84e13bf3e9513e45ab06bb340d34746d1305","/static/5887cc712b6acda523d36d2f3eef205f/77111/birmingham-museums-trust-KfRUve5NtO8-unsplash.webp":"153c22437effbe7d6c9fe939339de72b85d21c20ab9b949634641efe002c44f8","/static/5887cc712b6acda523d36d2f3eef205f/70f85/birmingham-museums-trust-KfRUve5NtO8-unsplash.webp":"01b5dcdd7fb990a62cf87cf3aed57044d2df9c3f74621f81d2f628e68de083cd","/static/5887cc712b6acda523d36d2f3eef205f/590f1/birmingham-museums-trust-KfRUve5NtO8-unsplash.webp":"041d14935cf37cf607556ba401ad02ed2aa858d261538dfce90278ade43e3d46","/static/5887cc712b6acda523d36d2f3eef205f/36421/birmingham-museums-trust-KfRUve5NtO8-unsplash.jpg":"c279de12778f0b8aec3dedc2a49cb11dde55c929286b1993dc56db7f46ec00e3","/static/5887cc712b6acda523d36d2f3eef205f/16c79/birmingham-museums-trust-KfRUve5NtO8-unsplash.jpg":"e1347c793c192583541c63480d4aac65759e4f9250554a24908b43380190e055","/page-data/sq/d/3159585216.json":"1af4640c80475ed0a4cfc866ba988e7743b4c5efcdb03cf6f12daefe1116680f","/page-data/index/page-data.json":"da4c0e1b87ccdd4c92b49b453ce777c71d4d312b32543e480ab33efc6b7935a7","/page-data/blog/page-data.json":"d2a594355eb8d05afba37921ae694a2e50b23ca5e35e9f1ab758455306516733","/page-data/blog/ugafinance/page-data.json":"e35348a482ada7421289281a31fad2b71794a9c0db5e89b23617a66d5437c2b7","/page-data/blog/redux-society/page-data.json":"04d51c07bb560ec54dbf244c75e643b41d0404bef8eed0718374bbb183da1448","/page-data/blog/emerson/page-data.json":"686efec1975ba3969ef27c927ccd7e4b7a7913c6273b1d86a771fe64aadcec36","/page-data/awards/page-data.json":"3628f5af7ac2de7ed93b52e7c3fd7fd93efde8d37c33fea5c46d381599e55bbd","/page-data/404.html/page-data.json":"6cc2be53d801e0c74a1f298c1df474a241c958a20c6a3f96d8dc798663e368e9","/page-data/404/page-data.json":"ef1c05953f3377e14219a8ef794fa217eabc750d20ebcc002338c7b25dd7171a","/webpack.stats.json":"5217640e13b61dbcf8ddefd3c72e91cbdfcc9b66d8934c76e12fd8b21dff78dd","/webpack-runtime-ae63703bc1eb66add4e5.js":"fef54215c50f9cf3221925a214e1aa8dd9c969d4a2387a1ff07522daa9c6c5a0","/component---src-pages-awards-js-c12087bec7b3d286909f.js":"b6db922ed8b522b4826bd6673a0e99d42ed6f936098507f5959b72b1802f6bf6","/component---src-pages-blog-index-js-c5b72c0333efaa29ea4a.js.map":"fef8dfed119158f15928b3782aa9ec1cbbc6a2ef1f9a4c3817f62a0a32dd693e","/component---src-pages-blog-index-js-c5b72c0333efaa29ea4a.js":"1ef7f6be6536b3a8612892f043406a00a7f1df5c162584142ef49c5ec480543d","/chunk-map.json":"d7b7abc56dd7b84766642d1894ba58125b8ace63b1d74d6ebf65a5ddd3e13aab","/component---src-pages-awards-js-c12087bec7b3d286909f.js.map":"2f39906cef30325c11e95689e2c40b930644351be6d2e0defdcb14c705eef236","/a5ae5427cddaadd391a4a4b8c27a4568cc4c36a6-e8b3452aa4b572662b86.js":"7192cb0b1ae261d734ab1db4021a2d38b5c4ec3380d8d1ae95eebec292957b40","/404.html":"f70a714f55d6fa70220da99763dc6cc3f308a46525c51a246406786c7f7ac8e2","/~partytown/partytown.js":"3ceae4a2dfc0bdf23ffb737c16c16c6ac8f7d0d824b03e092086a5bf4bdfe588","/webpack-runtime-ae63703bc1eb66add4e5.js.map":"a329d9239bbdc2291d9120b3f85ba20ce5b5ab0f33d9fa3ab36c2494d1e75b25","/~partytown/partytown-media.js":"b042e7af42da3b67af48264ef3ca9498b2cb26aed0cb45b6001a2a0bda586897","/~partytown/partytown-sw.js":"e5e3fa8a771c2defd58dd444ceb8df0732180835ffa5ef428dc4fd23c7cc6aa0","/~partytown/debug/partytown.js":"882078f22672c2064e3a52ba7156d901827a22e4550350432c9b85edc6dfa57e","/~partytown/partytown-atomics.js":"723db2c731e54b613eebcbf6e17b49d60ab8793e1744f5a3adbb8bd36ee72603","/~partytown/debug/partytown-sw.js":"79c12c8af73196b6d9564fd0c9e1536bebcee95282169de7ba5b0df70f8aa84b","/~partytown/debug/partytown-sandbox-sw.js":"badd068c8c7afc93bf661880b6f59e9b896cf15f5279fa4fbd4d7856a8e38ede","/page-data/app-data.json":"9d582ba3608b5cf4201f0cc259e12a3d0419d675850ac66d7aa8f4a07ade6a38","/~partytown/debug/partytown-media.js":"47b563ec36bbb5f4a91e5442ef26a026091e40637312fa865d019c2dbdb4ab62","/~partytown/debug/partytown-atomics.js":"8f9a01f855743ae18667e05eb08217eedfbe5197ae703dc934e37839d60e3c44","/_gatsby/slices/_gatsby-scripts-1.html":"4246b498188277bf2e4afa5916cb66bef00403c83943f1630075505687b81420","/404/index.html":"e55e7e7d61da32375cb134bb4f44528a64b9b246346b8de725a26d682967bdb0","/a5ae5427cddaadd391a4a4b8c27a4568cc4c36a6-e8b3452aa4b572662b86.js.map":"1a06a7e83043497c6369a84355040be6446a5ddd3fddf8754e36ab5c8b3323a5","/~partytown/debug/partytown-ww-sw.js":"a865e76d06cd357b0af34da10efb508e0fefd5d15a1958a102e86b10554bb16f","/~partytown/debug/partytown-ww-atomics.js":"7252f4766b766c60a88bd949ad97598ae655049c9f1e90475f3f2867dc7ab99e","/index.html":"ea4111702a55238a96cce5ee87c7f897cce6d2daffa3c44f1fbacbbfeaa4dc2b","/blog/index.html":"01056a5b7988010241c65a1f867b326da4c6ed456972f2c6cb2fde61186b9320","/blog/redux-society/index.html":"07bd9dfa7802adcff9df10e6d45caae9b98743b621097d74d570669812da73fd","/blog/emerson/index.html":"41bc19375612c4886ffc9611fd2691cb98ee5dca9c1867b110cdef3ff90875f1","/blog/ugafinance/index.html":"b1357a5d654ff184d430bd424e46fcc43ef2428fcc083d43d676431db6b4060f","/awards/index.html":"eb6b0204798b7d1bed6c6b1ae35051834fac935b85db6cdfc661b8805862bd80"}}
[debug] [2026-01-20T18:39:33.829Z] <<< [apiv2][status] POST https://firebasehosting.googleapis.com/v1beta1/projects/443803449410/sites/nolan-resume/versions/9ba1385e241da931:populateFiles 200
[debug] [2026-01-20T18:39:33.829Z] <<< [apiv2][body] POST https://firebasehosting.googleapis.com/v1beta1/projects/443803449410/sites/nolan-resume/versions/9ba1385e241da931:populateFiles {"uploadRequiredHashes":["ea4111702a55238a96cce5ee87c7f897cce6d2daffa3c44f1fbacbbfeaa4dc2b","01056a5b7988010241c65a1f867b326da4c6ed456972f2c6cb2fde61186b9320","7192cb0b1ae261d734ab1db4021a2d38b5c4ec3380d8d1ae95eebec292957b40","e55e7e7d61da32375cb134bb4f44528a64b9b246346b8de725a26d682967bdb0","41bc19375612c4886ffc9611fd2691cb98ee5dca9c1867b110cdef3ff90875f1","2f39906cef30325c11e95689e2c40b930644351be6d2e0defdcb14c705eef236","b6db922ed8b522b4826bd6673a0e99d42ed6f936098507f5959b72b1802f6bf6","5217640e13b61dbcf8ddefd3c72e91cbdfcc9b66d8934c76e12fd8b21dff78dd","eb6b0204798b7d1bed6c6b1ae35051834fac935b85db6cdfc661b8805862bd80","1a06a7e83043497c6369a84355040be6446a5ddd3fddf8754e36ab5c8b3323a5","b1357a5d654ff184d430bd424e46fcc43ef2428fcc083d43d676431db6b4060f","fef54215c50f9cf3221925a214e1aa8dd9c969d4a2387a1ff07522daa9c6c5a0","f70a714f55d6fa70220da99763dc6cc3f308a46525c51a246406786c7f7ac8e2","fef8dfed119158f15928b3782aa9ec1cbbc6a2ef1f9a4c3817f62a0a32dd693e","d7b7abc56dd7b84766642d1894ba58125b8ace63b1d74d6ebf65a5ddd3e13aab","1ef7f6be6536b3a8612892f043406a00a7f1df5c162584142ef49c5ec480543d","a329d9239bbdc2291d9120b3f85ba20ce5b5ab0f33d9fa3ab36c2494d1e75b25","9d582ba3608b5cf4201f0cc259e12a3d0419d675850ac66d7aa8f4a07ade6a38","4246b498188277bf2e4afa5916cb66bef00403c83943f1630075505687b81420","07bd9dfa7802adcff9df10e6d45caae9b98743b621097d74d570669812da73fd"],"uploadUrl":"https://upload-firebasehosting.googleapis.com/upload/sites/nolan-resume/versions/9ba1385e241da931/files"}
[debug] [2026-01-20T18:39:33.830Z] Checked if tokens are valid: true, expires at: 1768937556814
[debug] [2026-01-20T18:39:33.830Z] Checked if tokens are valid: true, expires at: 1768937556814
[debug] [2026-01-20T18:39:33.830Z] Checked if tokens are valid: true, expires at: 1768937556814
[debug] [2026-01-20T18:39:33.830Z] Checked if tokens are valid: true, expires at: 1768937556814
[debug] [2026-01-20T18:39:33.830Z] Checked if tokens are valid: true, expires at: 1768937556814
[debug] [2026-01-20T18:39:33.830Z] Checked if tokens are valid: true, expires at: 1768937556814
[debug] [2026-01-20T18:39:33.830Z] Checked if tokens are valid: true, expires at: 1768937556814
[debug] [2026-01-20T18:39:33.830Z] Checked if tokens are valid: true, expires at: 1768937556814
[debug] [2026-01-20T18:39:33.831Z] Checked if tokens are valid: true, expires at: 1768937556814
[debug] [2026-01-20T18:39:33.831Z] Checked if tokens are valid: true, expires at: 1768937556814
[debug] [2026-01-20T18:39:33.831Z] Checked if tokens are valid: true, expires at: 1768937556814
[debug] [2026-01-20T18:39:33.831Z] Checked if tokens are valid: true, expires at: 1768937556814
[debug] [2026-01-20T18:39:33.831Z] Checked if tokens are valid: true, expires at: 1768937556814
[debug] [2026-01-20T18:39:33.831Z] Checked if tokens are valid: true, expires at: 1768937556814
[debug] [2026-01-20T18:39:33.831Z] Checked if tokens are valid: true, expires at: 1768937556814
[debug] [2026-01-20T18:39:33.831Z] Checked if tokens are valid: true, expires at: 1768937556814
[debug] [2026-01-20T18:39:33.831Z] Checked if tokens are valid: true, expires at: 1768937556814
[debug] [2026-01-20T18:39:33.831Z] Checked if tokens are valid: true, expires at: 1768937556814
[debug] [2026-01-20T18:39:33.831Z] Checked if tokens are valid: true, expires at: 1768937556814
[debug] [2026-01-20T18:39:33.831Z] Checked if tokens are valid: true, expires at: 1768937556814
[debug] [2026-01-20T18:39:33.831Z] Checked if tokens are valid: true, expires at: 1768937556814
[debug] [2026-01-20T18:39:33.831Z] Checked if tokens are valid: true, expires at: 1768937556814
[debug] [2026-01-20T18:39:33.831Z] Checked if tokens are valid: true, expires at: 1768937556814
[debug] [2026-01-20T18:39:33.831Z] Checked if tokens are valid: true, expires at: 1768937556814
[debug] [2026-01-20T18:39:33.831Z] Checked if tokens are valid: true, expires at: 1768937556814
[debug] [2026-01-20T18:39:33.831Z] Checked if tokens are valid: true, expires at: 1768937556814
[debug] [2026-01-20T18:39:33.832Z] Checked if tokens are valid: true, expires at: 1768937556814
[debug] [2026-01-20T18:39:33.832Z] Checked if tokens are valid: true, expires at: 1768937556814
[debug] [2026-01-20T18:39:33.832Z] Checked if tokens are valid: true, expires at: 1768937556814
[debug] [2026-01-20T18:39:33.832Z] Checked if tokens are valid: true, expires at: 1768937556814
[debug] [2026-01-20T18:39:33.832Z] Checked if tokens are valid: true, expires at: 1768937556814
[debug] [2026-01-20T18:39:33.832Z] Checked if tokens are valid: true, expires at: 1768937556814
[debug] [2026-01-20T18:39:33.832Z] Checked if tokens are valid: true, expires at: 1768937556814
[debug] [2026-01-20T18:39:33.832Z] Checked if tokens are valid: true, expires at: 1768937556814
[debug] [2026-01-20T18:39:33.832Z] Checked if tokens are valid: true, expires at: 1768937556814
[debug] [2026-01-20T18:39:33.832Z] Checked if tokens are valid: true, expires at: 1768937556814
[debug] [2026-01-20T18:39:33.832Z] Checked if tokens are valid: true, expires at: 1768937556814
[debug] [2026-01-20T18:39:33.832Z] Checked if tokens are valid: true, expires at: 1768937556814
[debug] [2026-01-20T18:39:33.832Z] Checked if tokens are valid: true, expires at: 1768937556814
[debug] [2026-01-20T18:39:33.832Z] Checked if tokens are valid: true, expires at: 1768937556814
[debug] [2026-01-20T18:39:33.832Z] >>> [apiv2][query] POST https://upload-firebasehosting.googleapis.com/upload/sites/nolan-resume/versions/9ba1385e241da931/files/ea4111702a55238a96cce5ee87c7f897cce6d2daffa3c44f1fbacbbfeaa4dc2b [none]
[debug] [2026-01-20T18:39:33.832Z] >>> [apiv2][body] POST https://upload-firebasehosting.googleapis.com/upload/sites/nolan-resume/versions/9ba1385e241da931/files/ea4111702a55238a96cce5ee87c7f897cce6d2daffa3c44f1fbacbbfeaa4dc2b [stream]
[debug] [2026-01-20T18:39:33.834Z] >>> [apiv2][query] POST https://upload-firebasehosting.googleapis.com/upload/sites/nolan-resume/versions/9ba1385e241da931/files/01056a5b7988010241c65a1f867b326da4c6ed456972f2c6cb2fde61186b9320 [none]
[debug] [2026-01-20T18:39:33.834Z] >>> [apiv2][body] POST https://upload-firebasehosting.googleapis.com/upload/sites/nolan-resume/versions/9ba1385e241da931/files/01056a5b7988010241c65a1f867b326da4c6ed456972f2c6cb2fde61186b9320 [stream]
[debug] [2026-01-20T18:39:33.835Z] >>> [apiv2][query] POST https://upload-firebasehosting.googleapis.com/upload/sites/nolan-resume/versions/9ba1385e241da931/files/7192cb0b1ae261d734ab1db4021a2d38b5c4ec3380d8d1ae95eebec292957b40 [none]
[debug] [2026-01-20T18:39:33.835Z] >>> [apiv2][body] POST https://upload-firebasehosting.googleapis.com/upload/sites/nolan-resume/versions/9ba1385e241da931/files/7192cb0b1ae261d734ab1db4021a2d38b5c4ec3380d8d1ae95eebec292957b40 [stream]
[debug] [2026-01-20T18:39:33.836Z] >>> [apiv2][query] POST https://upload-firebasehosting.googleapis.com/upload/sites/nolan-resume/versions/9ba1385e241da931/files/e55e7e7d61da32375cb134bb4f44528a64b9b246346b8de725a26d682967bdb0 [none]
[debug] [2026-01-20T18:39:33.836Z] >>> [apiv2][body] POST https://upload-firebasehosting.googleapis.com/upload/sites/nolan-resume/versions/9ba1385e241da931/files/e55e7e7d61da32375cb134bb4f44528a64b9b246346b8de725a26d682967bdb0 [stream]
[debug] [2026-01-20T18:39:33.837Z] >>> [apiv2][query] POST https://upload-firebasehosting.googleapis.com/upload/sites/nolan-resume/versions/9ba1385e241da931/files/41bc19375612c4886ffc9611fd2691cb98ee5dca9c1867b110cdef3ff90875f1 [none]
[debug] [2026-01-20T18:39:33.837Z] >>> [apiv2][body] POST https://upload-firebasehosting.googleapis.com/upload/sites/nolan-resume/versions/9ba1385e241da931/files/41bc19375612c4886ffc9611fd2691cb98ee5dca9c1867b110cdef3ff90875f1 [stream]
[debug] [2026-01-20T18:39:33.839Z] >>> [apiv2][query] POST https://upload-firebasehosting.googleapis.com/upload/sites/nolan-resume/versions/9ba1385e241da931/files/2f39906cef30325c11e95689e2c40b930644351be6d2e0defdcb14c705eef236 [none]
[debug] [2026-01-20T18:39:33.839Z] >>> [apiv2][body] POST https://upload-firebasehosting.googleapis.com/upload/sites/nolan-resume/versions/9ba1385e241da931/files/2f39906cef30325c11e95689e2c40b930644351be6d2e0defdcb14c705eef236 [stream]
[debug] [2026-01-20T18:39:33.840Z] >>> [apiv2][query] POST https://upload-firebasehosting.googleapis.com/upload/sites/nolan-resume/versions/9ba1385e241da931/files/b6db922ed8b522b4826bd6673a0e99d42ed6f936098507f5959b72b1802f6bf6 [none]
[debug] [2026-01-20T18:39:33.840Z] >>> [apiv2][body] POST https://upload-firebasehosting.googleapis.com/upload/sites/nolan-resume/versions/9ba1385e241da931/files/b6db922ed8b522b4826bd6673a0e99d42ed6f936098507f5959b72b1802f6bf6 [stream]
[debug] [2026-01-20T18:39:33.841Z] >>> [apiv2][query] POST https://upload-firebasehosting.googleapis.com/upload/sites/nolan-resume/versions/9ba1385e241da931/files/5217640e13b61dbcf8ddefd3c72e91cbdfcc9b66d8934c76e12fd8b21dff78dd [none]
[debug] [2026-01-20T18:39:33.841Z] >>> [apiv2][body] POST https://upload-firebasehosting.googleapis.com/upload/sites/nolan-resume/versions/9ba1385e241da931/files/5217640e13b61dbcf8ddefd3c72e91cbdfcc9b66d8934c76e12fd8b21dff78dd [stream]
[debug] [2026-01-20T18:39:33.841Z] >>> [apiv2][query] POST https://upload-firebasehosting.googleapis.com/upload/sites/nolan-resume/versions/9ba1385e241da931/files/eb6b0204798b7d1bed6c6b1ae35051834fac935b85db6cdfc661b8805862bd80 [none]
[debug] [2026-01-20T18:39:33.841Z] >>> [apiv2][body] POST https://upload-firebasehosting.googleapis.com/upload/sites/nolan-resume/versions/9ba1385e241da931/files/eb6b0204798b7d1bed6c6b1ae35051834fac935b85db6cdfc661b8805862bd80 [stream]
[debug] [2026-01-20T18:39:33.842Z] >>> [apiv2][query] POST https://upload-firebasehosting.googleapis.com/upload/sites/nolan-resume/versions/9ba1385e241da931/files/1a06a7e83043497c6369a84355040be6446a5ddd3fddf8754e36ab5c8b3323a5 [none]
[debug] [2026-01-20T18:39:33.842Z] >>> [apiv2][body] POST https://upload-firebasehosting.googleapis.com/upload/sites/nolan-resume/versions/9ba1385e241da931/files/1a06a7e83043497c6369a84355040be6446a5ddd3fddf8754e36ab5c8b3323a5 [stream]
[debug] [2026-01-20T18:39:33.843Z] >>> [apiv2][query] POST https://upload-firebasehosting.googleapis.com/upload/sites/nolan-resume/versions/9ba1385e241da931/files/b1357a5d654ff184d430bd424e46fcc43ef2428fcc083d43d676431db6b4060f [none]
[debug] [2026-01-20T18:39:33.843Z] >>> [apiv2][body] POST https://upload-firebasehosting.googleapis.com/upload/sites/nolan-resume/versions/9ba1385e241da931/files/b1357a5d654ff184d430bd424e46fcc43ef2428fcc083d43d676431db6b4060f [stream]
[debug] [2026-01-20T18:39:33.843Z] >>> [apiv2][query] POST https://upload-firebasehosting.googleapis.com/upload/sites/nolan-resume/versions/9ba1385e241da931/files/fef54215c50f9cf3221925a214e1aa8dd9c969d4a2387a1ff07522daa9c6c5a0 [none]
[debug] [2026-01-20T18:39:33.843Z] >>> [apiv2][body] POST https://upload-firebasehosting.googleapis.com/upload/sites/nolan-resume/versions/9ba1385e241da931/files/fef54215c50f9cf3221925a214e1aa8dd9c969d4a2387a1ff07522daa9c6c5a0 [stream]
[debug] [2026-01-20T18:39:33.844Z] >>> [apiv2][query] POST https://upload-firebasehosting.googleapis.com/upload/sites/nolan-resume/versions/9ba1385e241da931/files/f70a714f55d6fa70220da99763dc6cc3f308a46525c51a246406786c7f7ac8e2 [none]
[debug] [2026-01-20T18:39:33.844Z] >>> [apiv2][body] POST https://upload-firebasehosting.googleapis.com/upload/sites/nolan-resume/versions/9ba1385e241da931/files/f70a714f55d6fa70220da99763dc6cc3f308a46525c51a246406786c7f7ac8e2 [stream]
[debug] [2026-01-20T18:39:33.844Z] >>> [apiv2][query] POST https://upload-firebasehosting.googleapis.com/upload/sites/nolan-resume/versions/9ba1385e241da931/files/fef8dfed119158f15928b3782aa9ec1cbbc6a2ef1f9a4c3817f62a0a32dd693e [none]
[debug] [2026-01-20T18:39:33.844Z] >>> [apiv2][body] POST https://upload-firebasehosting.googleapis.com/upload/sites/nolan-resume/versions/9ba1385e241da931/files/fef8dfed119158f15928b3782aa9ec1cbbc6a2ef1f9a4c3817f62a0a32dd693e [stream]
[debug] [2026-01-20T18:39:33.845Z] >>> [apiv2][query] POST https://upload-firebasehosting.googleapis.com/upload/sites/nolan-resume/versions/9ba1385e241da931/files/d7b7abc56dd7b84766642d1894ba58125b8ace63b1d74d6ebf65a5ddd3e13aab [none]
[debug] [2026-01-20T18:39:33.845Z] >>> [apiv2][body] POST https://upload-firebasehosting.googleapis.com/upload/sites/nolan-resume/versions/9ba1385e241da931/files/d7b7abc56dd7b84766642d1894ba58125b8ace63b1d74d6ebf65a5ddd3e13aab [stream]
[debug] [2026-01-20T18:39:33.845Z] >>> [apiv2][query] POST https://upload-firebasehosting.googleapis.com/upload/sites/nolan-resume/versions/9ba1385e241da931/files/1ef7f6be6536b3a8612892f043406a00a7f1df5c162584142ef49c5ec480543d [none]
[debug] [2026-01-20T18:39:33.845Z] >>> [apiv2][body] POST https://upload-firebasehosting.googleapis.com/upload/sites/nolan-resume/versions/9ba1385e241da931/files/1ef7f6be6536b3a8612892f043406a00a7f1df5c162584142ef49c5ec480543d [stream]
[debug] [2026-01-20T18:39:33.845Z] >>> [apiv2][query] POST https://upload-firebasehosting.googleapis.com/upload/sites/nolan-resume/versions/9ba1385e241da931/files/a329d9239bbdc2291d9120b3f85ba20ce5b5ab0f33d9fa3ab36c2494d1e75b25 [none]
[debug] [2026-01-20T18:39:33.845Z] >>> [apiv2][body] POST https://upload-firebasehosting.googleapis.com/upload/sites/nolan-resume/versions/9ba1385e241da931/files/a329d9239bbdc2291d9120b3f85ba20ce5b5ab0f33d9fa3ab36c2494d1e75b25 [stream]
[debug] [2026-01-20T18:39:33.846Z] >>> [apiv2][query] POST https://upload-firebasehosting.googleapis.com/upload/sites/nolan-resume/versions/9ba1385e241da931/files/9d582ba3608b5cf4201f0cc259e12a3d0419d675850ac66d7aa8f4a07ade6a38 [none]
[debug] [2026-01-20T18:39:33.846Z] >>> [apiv2][body] POST https://upload-firebasehosting.googleapis.com/upload/sites/nolan-resume/versions/9ba1385e241da931/files/9d582ba3608b5cf4201f0cc259e12a3d0419d675850ac66d7aa8f4a07ade6a38 [stream]
[debug] [2026-01-20T18:39:33.847Z] >>> [apiv2][query] POST https://upload-firebasehosting.googleapis.com/upload/sites/nolan-resume/versions/9ba1385e241da931/files/4246b498188277bf2e4afa5916cb66bef00403c83943f1630075505687b81420 [none]
[debug] [2026-01-20T18:39:33.847Z] >>> [apiv2][body] POST https://upload-firebasehosting.googleapis.com/upload/sites/nolan-resume/versions/9ba1385e241da931/files/4246b498188277bf2e4afa5916cb66bef00403c83943f1630075505687b81420 [stream]
[debug] [2026-01-20T18:39:33.849Z] >>> [apiv2][query] POST https://upload-firebasehosting.googleapis.com/upload/sites/nolan-resume/versions/9ba1385e241da931/files/07bd9dfa7802adcff9df10e6d45caae9b98743b621097d74d570669812da73fd [none]
[debug] [2026-01-20T18:39:33.850Z] >>> [apiv2][body] POST https://upload-firebasehosting.googleapis.com/upload/sites/nolan-resume/versions/9ba1385e241da931/files/07bd9dfa7802adcff9df10e6d45caae9b98743b621097d74d570669812da73fd [stream]
[debug] [2026-01-20T18:39:33.850Z] [hosting][populate queue][FINAL] {"max":356,"min":356,"avg":356,"active":0,"complete":1,"success":1,"errored":0,"retried":0,"total":1,"elapsed":374}
[debug] [2026-01-20T18:39:33.850Z] [hosting] uploads queued: 20
